[debug] [2022-06-10T06:01:10.754Z] ----------------------------------------------------------------------
[debug] [2022-06-10T06:01:10.756Z] Command:       C:\Program Files\nodejs\node.exe C:\Users\kkesh\AppData\Roaming\npm\node_modules\firebase-tools\lib\bin\firebase.js init
[debug] [2022-06-10T06:01:10.756Z] CLI Version:   11.0.1
[debug] [2022-06-10T06:01:10.756Z] Platform:      win32
[debug] [2022-06-10T06:01:10.756Z] Node Version:  v16.13.0
[debug] [2022-06-10T06:01:10.757Z] Time:          Fri Jun 10 2022 11:31:10 GMT+0530 (India Standard Time)
[debug] [2022-06-10T06:01:10.757Z] ----------------------------------------------------------------------
[debug] 
[debug] [2022-06-10T06:01:10.822Z] > command requires scopes: ["email","openid","https://www.googleapis.com/auth/cloudplatformprojects.readonly","https://www.googleapis.com/auth/firebase","https://www.googleapis.com/auth/cloud-platform"]
[debug] [2022-06-10T06:01:10.823Z] > authorizing via signed-in user (kkeshavpareekk@gmail.com)
[info] 
     ######## #### ########  ######## ########     ###     ######  ########
     ##        ##  ##     ## ##       ##     ##  ##   ##  ##       ##
     ######    ##  ########  ######   ########  #########  ######  ######
     ##        ##  ##    ##  ##       ##     ## ##     ##       ## ##
     ##       #### ##     ## ######## ########  ##     ##  ######  ########

You're about to initialize a Firebase project in this directory:

  C:\Users\kkesh\Desktop\keshav\Hackathon\hospital-beds-checker

Before we get started, keep in mind:

  * You are initializing within an existing Firebase project directory

